Z Temperature Pressure Density
  -0.100000E+01   0.294651E+03   0.113931E+06   0.134702E+01
  -0.500000E+00   0.291400E+03   0.107478E+06   0.128490E+01
   0.000000E+00   0.288150E+03   0.101325E+06   0.122500E+01
   0.500000E+00   0.284900E+03   0.954613E+05   0.116727E+01
   0.100000E+01   0.281651E+03   0.898763E+05   0.111166E+01
   0.150000E+01   0.278402E+03   0.845596E+05   0.105810E+01
   0.200000E+01   0.275154E+03   0.795014E+05   0.100655E+01
   0.250000E+01   0.271906E+03   0.746918E+05   0.956955E+00
   0.300000E+01   0.268659E+03   0.701211E+05   0.909254E+00
   0.350000E+01   0.265413E+03   0.657804E+05   0.863402E+00
   0.400000E+01   0.262166E+03   0.616604E+05   0.819347E+00
   0.450000E+01   0.258921E+03   0.577526E+05   0.777039E+00
   0.500000E+01   0.255676E+03   0.540483E+05   0.736429E+00
   0.550000E+01   0.252431E+03   0.505393E+05   0.697469E+00
   0.600000E+01   0.249187E+03   0.472176E+05   0.660111E+00
   0.650000E+01   0.245943E+03   0.440755E+05   0.624310E+00
   0.700000E+01   0.242700E+03   0.411053E+05   0.590019E+00
   0.750000E+01   0.239457E+03   0.382997E+05   0.557192E+00
   0.800000E+01   0.236215E+03   0.356516E+05   0.525786E+00
   0.850000E+01   0.232974E+03   0.331542E+05   0.495758E+00
   0.900000E+01   0.229733E+03   0.308007E+05   0.467063E+00
   0.950000E+01   0.226492E+03   0.285847E+05   0.439661E+00
   0.100000E+02   0.223252E+03   0.264999E+05   0.413511E+00
   0.105000E+02   0.220013E+03   0.245403E+05   0.388571E+00
   0.110000E+02   0.216774E+03   0.227000E+05   0.364802E+00
   0.115000E+02   0.216650E+03   0.209848E+05   0.337430E+00
   0.120000E+02   0.216650E+03   0.193994E+05   0.311938E+00
   0.125000E+02   0.216650E+03   0.179341E+05   0.288376E+00
   0.130000E+02   0.216650E+03   0.165796E+05   0.266596E+00
   0.135000E+02   0.216650E+03   0.153276E+05   0.246465E+00
   0.140000E+02   0.216650E+03   0.141704E+05   0.227856E+00
   0.145000E+02   0.216650E+03   0.131006E+05   0.210655E+00
   0.150000E+02   0.216650E+03   0.121118E+05   0.194755E+00
   0.155000E+02   0.216650E+03   0.111978E+05   0.180057E+00
   0.160000E+02   0.216650E+03   0.103528E+05   0.166471E+00
   0.165000E+02   0.216650E+03   0.957176E+04   0.153912E+00
   0.170000E+02   0.216650E+03   0.884973E+04   0.142302E+00
   0.175000E+02   0.216650E+03   0.818227E+04   0.131569E+00
   0.180000E+02   0.216650E+03   0.756523E+04   0.121647E+00
   0.185000E+02   0.216650E+03   0.699482E+04   0.112475E+00
   0.190000E+02   0.216650E+03   0.646750E+04   0.103996E+00
   0.195000E+02   0.216650E+03   0.598000E+04   0.961569E-01
   0.200000E+02   0.216650E+03   0.552931E+04   0.889100E-01
   0.205000E+02   0.217084E+03   0.511301E+04   0.820515E-01
   0.210000E+02   0.217581E+03   0.472894E+04   0.757150E-01
   0.215000E+02   0.218078E+03   0.437456E+04   0.698814E-01
   0.220000E+02   0.218574E+03   0.404750E+04   0.645099E-01
   0.225000E+02   0.219071E+03   0.374560E+04   0.595629E-01
   0.230000E+02   0.219567E+03   0.346686E+04   0.550057E-01
   0.235000E+02   0.220063E+03   0.320947E+04   0.508070E-01
   0.240000E+02   0.220560E+03   0.297174E+04   0.469379E-01
   0.245000E+02   0.221056E+03   0.275214E+04   0.433716E-01
   0.250000E+02   0.221552E+03   0.254922E+04   0.400839E-01
   0.255000E+02   0.222048E+03   0.236170E+04   0.370524E-01
   0.260000E+02   0.222544E+03   0.218838E+04   0.342566E-01
   0.265000E+02   0.223040E+03   0.202814E+04   0.316777E-01
   0.270000E+02   0.223536E+03   0.187997E+04   0.292983E-01
   0.275000E+02   0.224032E+03   0.174295E+04   0.271028E-01
   0.280000E+02   0.224527E+03   0.161620E+04   0.250763E-01
   0.285000E+02   0.225023E+03   0.149893E+04   0.232057E-01
   0.290000E+02   0.225518E+03   0.139042E+04   0.214784E-01
   0.295000E+02   0.226014E+03   0.128999E+04   0.198834E-01
   0.300000E+02   0.226509E+03   0.119703E+04   0.184102E-01
   0.305000E+02   0.227004E+03   0.111096E+04   0.170492E-01
   0.310000E+02   0.227500E+03   0.103126E+04   0.157916E-01
   0.315000E+02   0.227995E+03   0.957443E+03   0.146294E-01
   0.320000E+02   0.228490E+03   0.889064E+03   0.135552E-01
   0.325000E+02   0.229587E+03   0.825765E+03   0.125299E-01
   0.330000E+02   0.230973E+03   0.767309E+03   0.115730E-01
   0.335000E+02   0.232358E+03   0.713314E+03   0.106945E-01
   0.340000E+02   0.233744E+03   0.663413E+03   0.988741E-02
   0.345000E+02   0.235129E+03   0.617275E+03   0.914558E-02
   0.350000E+02   0.236513E+03   0.574594E+03   0.846338E-02
   0.355000E+02   0.237898E+03   0.535095E+03   0.783571E-02
   0.360000E+02   0.239282E+03   0.498523E+03   0.725792E-02
   0.365000E+02   0.240667E+03   0.464645E+03   0.672579E-02
   0.370000E+02   0.242050E+03   0.433248E+03   0.623547E-02
   0.375000E+02   0.243434E+03   0.404139E+03   0.578346E-02
   0.380000E+02   0.244818E+03   0.377139E+03   0.536656E-02
   0.385000E+02   0.246201E+03   0.352082E+03   0.498187E-02
   0.390000E+02   0.247584E+03   0.328822E+03   0.462675E-02
   0.395000E+02   0.248967E+03   0.307218E+03   0.429875E-02
   0.400000E+02   0.250350E+03   0.287144E+03   0.399568E-02
   0.405000E+02   0.251732E+03   0.268485E+03   0.371552E-02
   0.410000E+02   0.253114E+03   0.251133E+03   0.345641E-02
   0.415000E+02   0.254496E+03   0.234991E+03   0.321667E-02
   0.420000E+02   0.255878E+03   0.219967E+03   0.299477E-02
   0.425000E+02   0.257260E+03   0.205980E+03   0.278927E-02
   0.430000E+02   0.258641E+03   0.192951E+03   0.259890E-02
   0.435000E+02   0.260022E+03   0.180812E+03   0.242245E-02
   0.440000E+02   0.261403E+03   0.169496E+03   0.225885E-02
   0.445000E+02   0.262784E+03   0.158945E+03   0.210710E-02
   0.450000E+02   0.264164E+03   0.149101E+03   0.196628E-02
   0.455000E+02   0.265545E+03   0.139916E+03   0.183555E-02
   0.460000E+02   0.266925E+03   0.131341E+03   0.171415E-02
   0.465000E+02   0.268305E+03   0.123332E+03   0.160135E-02
   0.470000E+02   0.269684E+03   0.115851E+03   0.149652E-02
   0.475000E+02   0.270650E+03   0.108858E+03   0.140117E-02
   0.480000E+02   0.270650E+03   0.102296E+03   0.131670E-02
   0.485000E+02   0.270650E+03   0.961300E+02   0.123734E-02
   0.490000E+02   0.270650E+03   0.903368E+02   0.116277E-02
   0.495000E+02   0.270650E+03   0.848936E+02   0.109271E-02
   0.500000E+02   0.270650E+03   0.797791E+02   0.102688E-02
   0.505000E+02   0.270650E+03   0.749735E+02   0.965023E-03
   0.510000E+02   0.270650E+03   0.704580E+02   0.906902E-03
   0.515000E+02   0.270409E+03   0.662148E+02   0.853045E-03
   0.520000E+02   0.269031E+03   0.622147E+02   0.805617E-03
   0.525000E+02   0.267654E+03   0.584382E+02   0.760608E-03
   0.530000E+02   0.266277E+03   0.548737E+02   0.717907E-03
   0.535000E+02   0.264900E+03   0.515103E+02   0.677407E-03
   0.540000E+02   0.263524E+03   0.483376E+02   0.639004E-03
   0.545000E+02   0.262147E+03   0.453457E+02   0.602600E-03
   0.550000E+02   0.260771E+03   0.425251E+02   0.568099E-03
   0.555000E+02   0.259395E+03   0.398668E+02   0.535412E-03
   0.560000E+02   0.258019E+03   0.373623E+02   0.504451E-03
   0.565000E+02   0.256644E+03   0.350032E+02   0.475134E-03
   0.570000E+02   0.255268E+03   0.327820E+02   0.447380E-03
   0.575000E+02   0.253893E+03   0.306912E+02   0.421115E-03
   0.580000E+02   0.252518E+03   0.287237E+02   0.396265E-03
   0.585000E+02   0.251144E+03   0.268729E+02   0.372761E-03
   0.590000E+02   0.249769E+03   0.251325E+02   0.350537E-03
   0.595000E+02   0.248395E+03   0.234963E+02   0.329530E-03
   0.600000E+02   0.247021E+03   0.219587E+02   0.309678E-03
   0.605000E+02   0.245647E+03   0.205141E+02   0.290924E-03
   0.610000E+02   0.244273E+03   0.191575E+02   0.273213E-03
   0.615000E+02   0.242900E+03   0.178839E+02   0.256492E-03
   0.620000E+02   0.241527E+03   0.166887E+02   0.240710E-03
   0.625000E+02   0.240154E+03   0.155673E+02   0.225820E-03
   0.630000E+02   0.238781E+03   0.145157E+02   0.211776E-03
   0.635000E+02   0.237409E+03   0.135298E+02   0.198533E-03
   0.640000E+02   0.236036E+03   0.126059E+02   0.186051E-03
   0.645000E+02   0.234664E+03   0.117403E+02   0.174289E-03
   0.650000E+02   0.233292E+03   0.109297E+02   0.163210E-03
   0.655000E+02   0.231920E+03   0.101709E+02   0.152778E-03
   0.660000E+02   0.230549E+03   0.946090E+01   0.142958E-03
   0.665000E+02   0.229178E+03   0.879673E+01   0.133717E-03
   0.670000E+02   0.227807E+03   0.817571E+01   0.125025E-03
   0.675000E+02   0.226436E+03   0.759526E+01   0.116852E-03
   0.680000E+02   0.225065E+03   0.705296E+01   0.109169E-03
   0.685000E+02   0.223695E+03   0.654648E+01   0.101951E-03
   0.690000E+02   0.222325E+03   0.607367E+01   0.951703E-04
   0.695000E+02   0.220955E+03   0.563245E+01   0.888040E-04
   0.700000E+02   0.219585E+03   0.522090E+01   0.828287E-04
   0.705000E+02   0.218215E+03   0.483718E+01   0.772227E-04
   0.710000E+02   0.216846E+03   0.447956E+01   0.719652E-04
   0.715000E+02   0.215477E+03   0.414641E+01   0.670364E-04
   0.720000E+02   0.214263E+03   0.383625E+01   0.623732E-04
   0.725000E+02   0.213285E+03   0.354797E+01   0.579506E-04
   0.730000E+02   0.212308E+03   0.328022E+01   0.538239E-04
   0.735000E+02   0.211330E+03   0.303161E+01   0.499747E-04
   0.740000E+02   0.210353E+03   0.280086E+01   0.463853E-04
   0.745000E+02   0.209376E+03   0.258675E+01   0.430393E-04
   0.750000E+02   0.208399E+03   0.238814E+01   0.399211E-04
   0.755000E+02   0.207422E+03   0.220399E+01   0.370162E-04
   0.760000E+02   0.206446E+03   0.203329E+01   0.343108E-04
   0.765000E+02   0.205469E+03   0.187512E+01   0.317922E-04
   0.770000E+02   0.204493E+03   0.172861E+01   0.294480E-04
   0.775000E+02   0.203517E+03   0.159294E+01   0.272670E-04
   0.780000E+02   0.202541E+03   0.146737E+01   0.252385E-04
   0.785000E+02   0.201565E+03   0.135118E+01   0.233525E-04
   0.790000E+02   0.200589E+03   0.124370E+01   0.215996E-04
   0.795000E+02   0.199614E+03   0.114432E+01   0.199708E-04
   0.800000E+02   0.198639E+03   0.105247E+01   0.184581E-04
   0.805000E+02   0.197663E+03   0.967612E+00   0.170535E-04
   0.810000E+02   0.196688E+03   0.889233E+00   0.157498E-04
   0.815000E+02   0.195713E+03   0.816870E+00   0.145402E-04
   0.820000E+02   0.194739E+03   0.750088E+00   0.134183E-04
   0.825000E+02   0.193764E+03   0.688481E+00   0.123782E-04
   0.830000E+02   0.192790E+03   0.631669E+00   0.114142E-04
   0.835000E+02   0.191815E+03   0.579300E+00   0.105210E-04
   0.840000E+02   0.190841E+03   0.531045E+00   0.969388E-05
   0.845000E+02   0.189867E+03   0.486600E+00   0.892814E-05
   0.850000E+02   0.188893E+03   0.445681E+00   0.821950E-05
   0.855000E+02   0.187919E+03   0.408023E+00   0.756399E-05
   0.860000E+02   0.186946E+03   0.373381E+00   0.695784E-05
   0.865000E+02   0.186867E+03   0.342196E+00   0.638162E-05
   0.870000E+02   0.186867E+03   0.313500E+00   0.585005E-05
   0.875000E+02   0.186867E+03   0.287120E+00   0.536019E-05
   0.880000E+02   0.186867E+03   0.262883E+00   0.490912E-05
   0.885000E+02   0.186867E+03   0.240633E+00   0.449411E-05
   0.890000E+02   0.186867E+03   0.220220E+00   0.411252E-05
   0.895000E+02   0.186867E+03   0.201503E+00   0.376191E-05
   0.900000E+02   0.186867E+03   0.184352E+00   0.343999E-05
   0.905000E+02   0.186867E+03   0.168643E+00   0.314459E-05
   0.910000E+02   0.186867E+03   0.154263E+00   0.287369E-05
   0.915000E+02   0.186891E+03   0.141105E+00   0.262540E-05
   0.920000E+02   0.186963E+03   0.129071E+00   0.239797E-05
   0.925000E+02   0.187083E+03   0.118068E+00   0.218974E-05
   0.930000E+02   0.187252E+03   0.108012E+00   0.199920E-05
   0.935000E+02   0.187469E+03   0.988250E-01   0.182492E-05
   0.940000E+02   0.187736E+03   0.904333E-01   0.166563E-05
   0.945000E+02   0.188052E+03   0.827704E-01   0.152011E-05
   0.950000E+02   0.188418E+03   0.757746E-01   0.138725E-05
   0.955000E+02   0.188836E+03   0.693892E-01   0.126602E-05
   0.960000E+02   0.189305E+03   0.635617E-01   0.115546E-05
   0.965000E+02   0.189827E+03   0.582439E-01   0.105465E-05
   0.970000E+02   0.190403E+03   0.533919E-01   0.962781E-06
   0.975000E+02   0.191035E+03   0.489649E-01   0.879087E-06
   0.980000E+02   0.191723E+03   0.449260E-01   0.802861E-06
   0.985000E+02   0.192470E+03   0.412410E-01   0.733458E-06
   0.990000E+02   0.193277E+03   0.378789E-01   0.670277E-06
   0.995000E+02   0.194147E+03   0.348111E-01   0.612771E-06
   0.100000E+03   0.195081E+03   0.320116E-01   0.560437E-06
   0.101000E+03   0.197156E+03   0.271242E-01   0.469418E-06
   0.102000E+03   0.199527E+03   0.230491E-01   0.393739E-06
   0.103000E+03   0.202230E+03   0.196473E-01   0.330576E-06
   0.104000E+03   0.205312E+03   0.168037E-01   0.277678E-06
   0.105000E+03   0.208835E+03   0.144233E-01   0.233247E-06
   0.106000E+03   0.212894E+03   0.124276E-01   0.195836E-06
   0.107000E+03   0.217631E+03   0.107516E-01   0.164272E-06
   0.108000E+03   0.223286E+03   0.934164E-02   0.137644E-06
   0.109000E+03   0.230331E+03   0.815315E-02   0.115321E-06
   0.110000E+03   0.240000E+03   0.714935E-02   0.967341E-07
   0.111000E+03   0.252000E+03   0.629982E-02   0.813464E-07
   0.112000E+03   0.264000E+03   0.557954E-02   0.686666E-07
   0.113000E+03   0.276000E+03   0.496777E-02   0.582596E-07
   0.114000E+03   0.288000E+03   0.444736E-02   0.497473E-07
   0.115000E+03   0.300000E+03   0.400367E-02   0.427937E-07
   0.116000E+03   0.312000E+03   0.362308E-02   0.370766E-07
   0.117000E+03   0.324000E+03   0.329433E-02   0.323362E-07
   0.118000E+03   0.336000E+03   0.300832E-02   0.283735E-07
   0.119000E+03   0.348000E+03   0.275774E-02   0.250345E-07
   0.120000E+03   0.360000E+03   0.253662E-02   0.221986E-07
   0.121000E+03   0.371886E+03   0.234010E-02   0.197715E-07
   0.122000E+03   0.383548E+03   0.216430E-02   0.176796E-07
   0.123000E+03   0.394990E+03   0.200645E-02   0.158680E-07
   0.124000E+03   0.406217E+03   0.186433E-02   0.142929E-07
   0.125000E+03   0.417231E+03   0.173600E-02   0.129179E-07
   0.126000E+03   0.428038E+03   0.161980E-02   0.117128E-07
   0.127000E+03   0.438641E+03   0.151430E-02   0.106528E-07
   0.128000E+03   0.449045E+03   0.141825E-02   0.971670E-08
   0.129000E+03   0.459253E+03   0.133055E-02   0.888712E-08
   0.130000E+03   0.469268E+03   0.125030E-02   0.814937E-08
   0.131000E+03   0.479095E+03   0.117669E-02   0.749112E-08
   0.132000E+03   0.488737E+03   0.110901E-02   0.690182E-08
   0.133000E+03   0.498198E+03   0.104663E-02   0.637258E-08
   0.134000E+03   0.507480E+03   0.989025E-03   0.589572E-08
   0.135000E+03   0.516589E+03   0.935686E-03   0.546472E-08
   0.136000E+03   0.525526E+03   0.886196E-03   0.507398E-08
   0.137000E+03   0.534295E+03   0.840207E-03   0.471897E-08
   0.138000E+03   0.542899E+03   0.797408E-03   0.439573E-08
   0.139000E+03   0.551342E+03   0.757520E-03   0.410085E-08
   0.140000E+03   0.559627E+03   0.720294E-03   0.383127E-08
   0.141000E+03   0.567756E+03   0.685500E-03   0.358434E-08
   0.142000E+03   0.575732E+03   0.652938E-03   0.335773E-08
   0.143000E+03   0.583559E+03   0.622421E-03   0.314936E-08
   0.144000E+03   0.591240E+03   0.593788E-03   0.295746E-08
   0.145000E+03   0.598776E+03   0.566895E-03   0.278048E-08
   0.146000E+03   0.606171E+03   0.541605E-03   0.261702E-08
   0.147000E+03   0.613427E+03   0.517800E-03   0.246582E-08
   0.148000E+03   0.620548E+03   0.495367E-03   0.232576E-08
   0.149000E+03   0.627535E+03   0.474205E-03   0.219583E-08
   0.150000E+03   0.634392E+03   0.454219E-03   0.207515E-08
   0.151000E+03   0.641120E+03   0.435327E-03   0.196289E-08
   0.152000E+03   0.647723E+03   0.417452E-03   0.185834E-08
   0.153000E+03   0.654202E+03   0.400529E-03   0.176086E-08
   0.154000E+03   0.660560E+03   0.384493E-03   0.166986E-08
   0.155000E+03   0.666799E+03   0.369286E-03   0.158482E-08
   0.156000E+03   0.672922E+03   0.354855E-03   0.150525E-08
   0.157000E+03   0.678930E+03   0.341150E-03   0.143072E-08
   0.158000E+03   0.684826E+03   0.328124E-03   0.136083E-08
   0.159000E+03   0.690612E+03   0.315737E-03   0.129523E-08
   0.160000E+03   0.696291E+03   0.303944E-03   0.123358E-08
   0.161000E+03   0.701863E+03   0.292713E-03   0.117558E-08
   0.162000E+03   0.707331E+03   0.282010E-03   0.112097E-08
   0.163000E+03   0.712698E+03   0.271804E-03   0.106952E-08
   0.164000E+03   0.717964E+03   0.262066E-03   0.102102E-08
   0.165000E+03   0.723132E+03   0.252770E-03   0.975258E-09
   0.166000E+03   0.728204E+03   0.243892E-03   0.932051E-09
   0.167000E+03   0.733182E+03   0.235406E-03   0.891229E-09
   0.168000E+03   0.738067E+03   0.227294E-03   0.852635E-09
   0.169000E+03   0.742861E+03   0.219533E-03   0.816119E-09
   0.170000E+03   0.747566E+03   0.212104E-03   0.781549E-09
   0.171000E+03   0.752183E+03   0.204989E-03   0.748801E-09
   0.172000E+03   0.756715E+03   0.198173E-03   0.717755E-09
   0.173000E+03   0.761162E+03   0.191639E-03   0.688307E-09
   0.174000E+03   0.765527E+03   0.185375E-03   0.660360E-09
   0.175000E+03   0.769811E+03   0.179365E-03   0.633817E-09
   0.176000E+03   0.774015E+03   0.173597E-03   0.608596E-09
   0.177000E+03   0.778141E+03   0.168059E-03   0.584616E-09
   0.178000E+03   0.782191E+03   0.162741E-03   0.561802E-09
   0.179000E+03   0.786165E+03   0.157630E-03   0.540083E-09
   0.180000E+03   0.790066E+03   0.152717E-03   0.519400E-09
   0.181000E+03   0.793894E+03   0.147992E-03   0.499688E-09
   0.182000E+03   0.797652E+03   0.143448E-03   0.480894E-09
   0.183000E+03   0.801339E+03   0.139074E-03   0.462965E-09
   0.184000E+03   0.804959E+03   0.134864E-03   0.445856E-09
   0.185000E+03   0.808512E+03   0.130811E-03   0.429521E-09
   0.186000E+03   0.811998E+03   0.126906E-03   0.413918E-09
   0.187000E+03   0.815420E+03   0.123145E-03   0.399007E-09
   0.188000E+03   0.818779E+03   0.119519E-03   0.384751E-09
   0.189000E+03   0.822076E+03   0.116024E-03   0.371115E-09
   0.190000E+03   0.825312E+03   0.112653E-03   0.358067E-09
   0.191000E+03   0.828488E+03   0.109402E-03   0.345576E-09
   0.192000E+03   0.831605E+03   0.106264E-03   0.333614E-09
   0.193000E+03   0.834665E+03   0.103236E-03   0.322154E-09
   0.194000E+03   0.837668E+03   0.100312E-03   0.311172E-09
   0.195000E+03   0.840616E+03   0.974890E-04   0.300644E-09
   0.196000E+03   0.843509E+03   0.947615E-04   0.290546E-09
   0.197000E+03   0.846349E+03   0.921262E-04   0.280859E-09
   0.198000E+03   0.849137E+03   0.895792E-04   0.271562E-09
   0.199000E+03   0.851873E+03   0.871169E-04   0.262636E-09
   0.200000E+03   0.854559E+03   0.847361E-04   0.254065E-09
   0.201000E+03   0.857195E+03   0.824332E-04   0.245831E-09
   0.202000E+03   0.859783E+03   0.802051E-04   0.237918E-09
   0.203000E+03   0.862323E+03   0.780491E-04   0.230311E-09
   0.204000E+03   0.864816E+03   0.759624E-04   0.222998E-09
   0.205000E+03   0.867264E+03   0.739425E-04   0.215963E-09
   0.206000E+03   0.869666E+03   0.719866E-04   0.209196E-09
   0.207000E+03   0.872024E+03   0.700925E-04   0.202683E-09
   0.208000E+03   0.874339E+03   0.682575E-04   0.196413E-09
   0.209000E+03   0.876611E+03   0.664799E-04   0.190376E-09
   0.210000E+03   0.878842E+03   0.647573E-04   0.184561E-09
   0.211000E+03   0.881031E+03   0.630877E-04   0.178958E-09
   0.212000E+03   0.883181E+03   0.614692E-04   0.173559E-09
   0.213000E+03   0.885291E+03   0.598999E-04   0.168354E-09
   0.214000E+03   0.887362E+03   0.583779E-04   0.163336E-09
   0.215000E+03   0.889395E+03   0.569016E-04   0.158495E-09
   0.216000E+03   0.891391E+03   0.554694E-04   0.153825E-09
   0.217000E+03   0.893350E+03   0.540796E-04   0.149318E-09
   0.218000E+03   0.895273E+03   0.527306E-04   0.144967E-09
   0.219000E+03   0.897161E+03   0.514211E-04   0.140767E-09
   0.220000E+03   0.899014E+03   0.501498E-04   0.136710E-09
   0.221000E+03   0.900834E+03   0.489152E-04   0.132791E-09
   0.222000E+03   0.902620E+03   0.477161E-04   0.129004E-09
   0.223000E+03   0.904373E+03   0.465514E-04   0.125345E-09
   0.224000E+03   0.906095E+03   0.454200E-04   0.121808E-09
   0.225000E+03   0.907785E+03   0.443207E-04   0.118388E-09
   0.226000E+03   0.909444E+03   0.432523E-04   0.115081E-09
   0.227000E+03   0.911072E+03   0.422140E-04   0.111884E-09
   0.228000E+03   0.912671E+03   0.412048E-04   0.108791E-09
   0.229000E+03   0.914241E+03   0.402238E-04   0.105798E-09
   0.230000E+03   0.915782E+03   0.392699E-04   0.102903E-09
   0.231000E+03   0.917294E+03   0.383424E-04   0.100101E-09
   0.232000E+03   0.918780E+03   0.374404E-04   0.973882E-10
   0.233000E+03   0.920238E+03   0.365630E-04   0.947624E-10
   0.234000E+03   0.921669E+03   0.357096E-04   0.922199E-10
   0.235000E+03   0.923075E+03   0.348794E-04   0.897573E-10
   0.236000E+03   0.924454E+03   0.340715E-04   0.873720E-10
   0.237000E+03   0.925809E+03   0.332854E-04   0.850614E-10
   0.238000E+03   0.927139E+03   0.325202E-04   0.828224E-10
   0.239000E+03   0.928444E+03   0.317755E-04   0.806527E-10
   0.240000E+03   0.929726E+03   0.310505E-04   0.785497E-10
   0.241000E+03   0.930985E+03   0.303447E-04   0.765108E-10
   0.242000E+03   0.932220E+03   0.296573E-04   0.745340E-10
   0.243000E+03   0.933434E+03   0.289880E-04   0.726170E-10
   0.244000E+03   0.934625E+03   0.283361E-04   0.707576E-10
   0.245000E+03   0.935794E+03   0.277012E-04   0.689541E-10
   0.246000E+03   0.936942E+03   0.270826E-04   0.672042E-10
   0.247000E+03   0.938069E+03   0.264798E-04   0.655062E-10
   0.248000E+03   0.939176E+03   0.258925E-04   0.638582E-10
   0.249000E+03   0.940263E+03   0.253201E-04   0.622586E-10
   0.250000E+03   0.941330E+03   0.247624E-04   0.607055E-10
   0.251000E+03   0.942377E+03   0.242186E-04   0.591974E-10
   0.252000E+03   0.943406E+03   0.236885E-04   0.577332E-10
   0.253000E+03   0.944416E+03   0.231717E-04   0.563108E-10
   0.254000E+03   0.945407E+03   0.226678E-04   0.549292E-10
   0.255000E+03   0.946381E+03   0.221763E-04   0.535868E-10
   0.256000E+03   0.947337E+03   0.216970E-04   0.522824E-10
   0.257000E+03   0.948276E+03   0.212295E-04   0.510145E-10
   0.258000E+03   0.949197E+03   0.207734E-04   0.497823E-10
   0.259000E+03   0.950102E+03   0.203284E-04   0.485844E-10
   0.260000E+03   0.950991E+03   0.198941E-04   0.474197E-10
   0.261000E+03   0.951863E+03   0.194704E-04   0.462871E-10
   0.262000E+03   0.952720E+03   0.190570E-04   0.451856E-10
   0.263000E+03   0.953561E+03   0.186534E-04   0.441141E-10
   0.264000E+03   0.954387E+03   0.182594E-04   0.430719E-10
   0.265000E+03   0.955198E+03   0.178749E-04   0.420580E-10
   0.266000E+03   0.955994E+03   0.174995E-04   0.410713E-10
   0.267000E+03   0.956776E+03   0.171330E-04   0.401113E-10
   0.268000E+03   0.957544E+03   0.167751E-04   0.391770E-10
   0.269000E+03   0.958298E+03   0.164257E-04   0.382677E-10
   0.270000E+03   0.959039E+03   0.160844E-04   0.373824E-10
   0.271000E+03   0.959766E+03   0.157511E-04   0.365207E-10
   0.272000E+03   0.960479E+03   0.154256E-04   0.356817E-10
   0.273000E+03   0.961181E+03   0.151076E-04   0.348646E-10
   0.274000E+03   0.961869E+03   0.147971E-04   0.340691E-10
   0.275000E+03   0.962545E+03   0.144936E-04   0.332943E-10
   0.276000E+03   0.963209E+03   0.141971E-04   0.325395E-10
   0.277000E+03   0.963860E+03   0.139075E-04   0.318043E-10
   0.278000E+03   0.964501E+03   0.136245E-04   0.310880E-10
   0.279000E+03   0.965129E+03   0.133478E-04   0.303901E-10
   0.280000E+03   0.965746E+03   0.130775E-04   0.297101E-10
   0.281000E+03   0.966353E+03   0.128133E-04   0.290472E-10
   0.282000E+03   0.966948E+03   0.125551E-04   0.284013E-10
   0.283000E+03   0.967532E+03   0.123026E-04   0.277717E-10
   0.284000E+03   0.968106E+03   0.120558E-04   0.271579E-10
   0.285000E+03   0.968670E+03   0.118146E-04   0.265595E-10
   0.286000E+03   0.969224E+03   0.115786E-04   0.259760E-10
   0.287000E+03   0.969767E+03   0.113480E-04   0.254070E-10
   0.288000E+03   0.970301E+03   0.111224E-04   0.248522E-10
   0.289000E+03   0.970825E+03   0.109018E-04   0.243111E-10
   0.290000E+03   0.971340E+03   0.106861E-04   0.237832E-10
   0.291000E+03   0.971846E+03   0.104751E-04   0.232682E-10
   0.292000E+03   0.972342E+03   0.102687E-04   0.227659E-10
   0.293000E+03   0.972830E+03   0.100668E-04   0.222757E-10
   0.294000E+03   0.973309E+03   0.986928E-05   0.217974E-10
   0.295000E+03   0.973779E+03   0.967603E-05   0.213306E-10
   0.296000E+03   0.974241E+03   0.948694E-05   0.208751E-10
   0.297000E+03   0.974695E+03   0.930196E-05   0.204305E-10
   0.298000E+03   0.975141E+03   0.912091E-05   0.199964E-10
   0.299000E+03   0.975578E+03   0.894376E-05   0.195727E-10
   0.300000E+03   0.976008E+03   0.877039E-05   0.191590E-10
   0.302000E+03   0.976844E+03   0.843460E-05   0.183606E-10
   0.304000E+03   0.977651E+03   0.811290E-05   0.175993E-10
   0.306000E+03   0.978430E+03   0.780460E-05   0.168730E-10
   0.308000E+03   0.979180E+03   0.750912E-05   0.161801E-10
   0.310000E+03   0.979904E+03   0.722591E-05   0.155187E-10
   0.312000E+03   0.980603E+03   0.695434E-05   0.148875E-10
   0.314000E+03   0.981277E+03   0.669393E-05   0.142847E-10
   0.316000E+03   0.981927E+03   0.644419E-05   0.137090E-10
   0.318000E+03   0.982554E+03   0.620464E-05   0.131591E-10
   0.320000E+03   0.983159E+03   0.597480E-05   0.126337E-10
   0.322000E+03   0.983743E+03   0.575427E-05   0.121314E-10
   0.324000E+03   0.984306E+03   0.554260E-05   0.116513E-10
   0.326000E+03   0.984850E+03   0.533945E-05   0.111923E-10
   0.328000E+03   0.985374E+03   0.514440E-05   0.107533E-10
   0.330000E+03   0.985880E+03   0.495714E-05   0.103333E-10
   0.332000E+03   0.986367E+03   0.477730E-05   0.993145E-11
   0.334000E+03   0.986838E+03   0.460457E-05   0.954683E-11
   0.336000E+03   0.987293E+03   0.443864E-05   0.917866E-11
   0.338000E+03   0.987731E+03   0.427922E-05   0.882617E-11
   0.340000E+03   0.988154E+03   0.412603E-05   0.848858E-11
   0.342000E+03   0.988562E+03   0.397879E-05   0.816520E-11
   0.344000E+03   0.988956E+03   0.383727E-05   0.785540E-11
   0.346000E+03   0.989336E+03   0.370123E-05   0.755850E-11
   0.348000E+03   0.989703E+03   0.357042E-05   0.727395E-11
   0.350000E+03   0.990057E+03   0.344462E-05   0.700112E-11
   0.352000E+03   0.990399E+03   0.332362E-05   0.673953E-11
   0.354000E+03   0.990728E+03   0.320725E-05   0.648864E-11
   0.356000E+03   0.991047E+03   0.309528E-05   0.624796E-11
   0.358000E+03   0.991354E+03   0.298755E-05   0.601703E-11
   0.360000E+03   0.991650E+03   0.288387E-05   0.579544E-11
   0.362000E+03   0.991936E+03   0.278408E-05   0.558272E-11
   0.364000E+03   0.992212E+03   0.268803E-05   0.537853E-11
   0.366000E+03   0.992479E+03   0.259556E-05   0.518245E-11
   0.368000E+03   0.992736E+03   0.250651E-05   0.499413E-11
   0.370000E+03   0.992984E+03   0.242077E-05   0.481324E-11
   0.372000E+03   0.993224E+03   0.233818E-05   0.463946E-11
   0.374000E+03   0.993455E+03   0.225863E-05   0.447246E-11
   0.376000E+03   0.993678E+03   0.218199E-05   0.431197E-11
   0.378000E+03   0.993894E+03   0.210814E-05   0.415768E-11
   0.380000E+03   0.994102E+03   0.203699E-05   0.400935E-11
   0.382000E+03   0.994303E+03   0.196841E-05   0.386671E-11
   0.384000E+03   0.994497E+03   0.190231E-05   0.372952E-11
   0.386000E+03   0.994684E+03   0.183858E-05   0.359756E-11
   0.388000E+03   0.994865E+03   0.177715E-05   0.347061E-11
   0.390000E+03   0.995039E+03   0.171791E-05   0.334843E-11
   0.392000E+03   0.995208E+03   0.166078E-05   0.323086E-11
   0.394000E+03   0.995370E+03   0.160568E-05   0.311769E-11
   0.396000E+03   0.995527E+03   0.155253E-05   0.300873E-11
   0.398000E+03   0.995679E+03   0.150126E-05   0.290383E-11
   0.400000E+03   0.995825E+03   0.145178E-05   0.280280E-11
   0.402000E+03   0.995967E+03   0.140405E-05   0.270550E-11
   0.404000E+03   0.996103E+03   0.135799E-05   0.261177E-11
   0.406000E+03   0.996235E+03   0.131353E-05   0.252148E-11
   0.408000E+03   0.996362E+03   0.127063E-05   0.243449E-11
   0.410000E+03   0.996485E+03   0.122923E-05   0.235069E-11
   0.412000E+03   0.996604E+03   0.118926E-05   0.226993E-11
   0.414000E+03   0.996718E+03   0.115069E-05   0.219211E-11
   0.416000E+03   0.996829E+03   0.111345E-05   0.211712E-11
   0.418000E+03   0.996936E+03   0.107751E-05   0.204484E-11
   0.420000E+03   0.997039E+03   0.104280E-05   0.197517E-11
   0.422000E+03   0.997139E+03   0.100930E-05   0.190801E-11
   0.424000E+03   0.997235E+03   0.976947E-06   0.184327E-11
   0.426000E+03   0.997328E+03   0.945711E-06   0.178085E-11
   0.428000E+03   0.997418E+03   0.915547E-06   0.172067E-11
   0.430000E+03   0.997505E+03   0.886420E-06   0.166264E-11
   0.432000E+03   0.997588E+03   0.858287E-06   0.160669E-11
   0.434000E+03   0.997669E+03   0.831123E-06   0.155272E-11
   0.436000E+03   0.997747E+03   0.804881E-06   0.150067E-11
   0.438000E+03   0.997823E+03   0.779534E-06   0.145046E-11
   0.440000E+03   0.997896E+03   0.755049E-06   0.140203E-11
   0.442000E+03   0.997966E+03   0.731396E-06   0.135530E-11
   0.444000E+03   0.998034E+03   0.708545E-06   0.131023E-11
   0.446000E+03   0.998100E+03   0.686468E-06   0.126674E-11
   0.448000E+03   0.998163E+03   0.665136E-06   0.122478E-11
   0.450000E+03   0.998225E+03   0.644523E-06   0.118428E-11
   0.452000E+03   0.998284E+03   0.624605E-06   0.114519E-11
   0.454000E+03   0.998341E+03   0.605354E-06   0.110748E-11
   0.456000E+03   0.998396E+03   0.586752E-06   0.107107E-11
   0.458000E+03   0.998450E+03   0.568772E-06   0.103593E-11
   0.460000E+03   0.998502E+03   0.551392E-06   0.100200E-11
   0.462000E+03   0.998551E+03   0.534591E-06   0.969247E-12
   0.464000E+03   0.998600E+03   0.518349E-06   0.937623E-12
   0.466000E+03   0.998646E+03   0.502649E-06   0.907091E-12
   0.468000E+03   0.998691E+03   0.487469E-06   0.877608E-12
   0.470000E+03   0.998735E+03   0.472790E-06   0.849135E-12
   0.472000E+03   0.998777E+03   0.458597E-06   0.821636E-12
   0.474000E+03   0.998817E+03   0.444872E-06   0.795077E-12
   0.476000E+03   0.998856E+03   0.431599E-06   0.769423E-12
   0.478000E+03   0.998894E+03   0.418761E-06   0.744641E-12
   0.480000E+03   0.998931E+03   0.406344E-06   0.720702E-12
   0.482000E+03   0.998966E+03   0.394334E-06   0.697574E-12
   0.484000E+03   0.999000E+03   0.382715E-06   0.675229E-12
   0.486000E+03   0.999033E+03   0.371476E-06   0.653637E-12
   0.488000E+03   0.999065E+03   0.360600E-06   0.632773E-12
   0.490000E+03   0.999096E+03   0.350080E-06   0.612612E-12
   0.492000E+03   0.999126E+03   0.339899E-06   0.593125E-12
   0.494000E+03   0.999155E+03   0.330047E-06   0.574293E-12
   0.496000E+03   0.999183E+03   0.320512E-06   0.556090E-12
   0.498000E+03   0.999210E+03   0.311285E-06   0.538493E-12
   0.500000E+03   0.999236E+03   0.302354E-06   0.521483E-12
   0.505000E+03   0.999297E+03   0.281258E-06   0.481390E-12
   0.510000E+03   0.999353E+03   0.261804E-06   0.444537E-12
   0.515000E+03   0.999405E+03   0.243860E-06   0.410653E-12
   0.520000E+03   0.999452E+03   0.227301E-06   0.379495E-12
   0.525000E+03   0.999496E+03   0.212017E-06   0.350833E-12
   0.530000E+03   0.999536E+03   0.197902E-06   0.324463E-12
   0.535000E+03   0.999573E+03   0.184864E-06   0.300191E-12
   0.540000E+03   0.999607E+03   0.172815E-06   0.277849E-12
   0.545000E+03   0.999638E+03   0.161676E-06   0.257274E-12
   0.550000E+03   0.999667E+03   0.151374E-06   0.238323E-12
   0.555000E+03   0.999693E+03   0.141842E-06   0.220863E-12
   0.560000E+03   0.999717E+03   0.133020E-06   0.204770E-12
   0.565000E+03   0.999740E+03   0.124850E-06   0.189934E-12
   0.570000E+03   0.999760E+03   0.117283E-06   0.176253E-12
   0.575000E+03   0.999779E+03   0.110270E-06   0.163632E-12
   0.580000E+03   0.999796E+03   0.103769E-06   0.151986E-12
   0.585000E+03   0.999812E+03   0.977394E-07   0.141235E-12
   0.590000E+03   0.999827E+03   0.921449E-07   0.131309E-12
   0.595000E+03   0.999841E+03   0.869520E-07   0.122140E-12
   0.600000E+03   0.999853E+03   0.821300E-07   0.113668E-12
   0.605000E+03   0.999865E+03   0.776505E-07   0.105837E-12
   0.610000E+03   0.999875E+03   0.734862E-07   0.985975E-13
   0.615000E+03   0.999885E+03   0.696118E-07   0.919023E-13
   0.620000E+03   0.999894E+03   0.660046E-07   0.857101E-13
   0.625000E+03   0.999902E+03   0.626435E-07   0.799806E-13
   0.630000E+03   0.999910E+03   0.595095E-07   0.746783E-13
   0.635000E+03   0.999917E+03   0.565853E-07   0.697698E-13
   0.640000E+03   0.999923E+03   0.538545E-07   0.652245E-13
   0.645000E+03   0.999929E+03   0.513029E-07   0.610146E-13
   0.650000E+03   0.999934E+03   0.489169E-07   0.571137E-13
   0.655000E+03   0.999939E+03   0.466842E-07   0.534985E-13
   0.660000E+03   0.999944E+03   0.445937E-07   0.501467E-13
   0.665000E+03   0.999948E+03   0.426351E-07   0.470380E-13
   0.670000E+03   0.999952E+03   0.407987E-07   0.441541E-13
   0.675000E+03   0.999956E+03   0.390763E-07   0.414778E-13
   0.680000E+03   0.999959E+03   0.374591E-07   0.389932E-13
   0.685000E+03   0.999962E+03   0.359403E-07   0.366859E-13
   0.690000E+03   0.999965E+03   0.345130E-07   0.345423E-13
   0.695000E+03   0.999968E+03   0.331709E-07   0.325504E-13
   0.700000E+03   0.999970E+03   0.319083E-07   0.306985E-13
   0.705000E+03   0.999973E+03   0.307196E-07   0.289764E-13
   0.710000E+03   0.999975E+03   0.295996E-07   0.273738E-13
   0.715000E+03   0.999977E+03   0.285434E-07   0.258816E-13
   0.720000E+03   0.999978E+03   0.275464E-07   0.244915E-13
   0.725000E+03   0.999980E+03   0.266046E-07   0.231956E-13
   0.730000E+03   0.999982E+03   0.257138E-07   0.219867E-13
   0.735000E+03   0.999983E+03   0.248707E-07   0.208584E-13
   0.740000E+03   0.999984E+03   0.240718E-07   0.198048E-13
   0.745000E+03   0.999985E+03   0.233143E-07   0.188203E-13
   0.750000E+03   0.999987E+03   0.225952E-07   0.178998E-13
   0.755000E+03   0.999987E+03   0.219121E-07   0.170388E-13
   0.760000E+03   0.999988E+03   0.212625E-07   0.162329E-13
   0.765000E+03   0.999989E+03   0.206442E-07   0.154782E-13
   0.770000E+03   0.999990E+03   0.200552E-07   0.147711E-13
   0.775000E+03   0.999991E+03   0.194933E-07   0.141083E-13
   0.780000E+03   0.999992E+03   0.189570E-07   0.134866E-13
   0.785000E+03   0.999992E+03   0.184447E-07   0.129033E-13
   0.790000E+03   0.999993E+03   0.179546E-07   0.123557E-13
   0.795000E+03   0.999993E+03   0.174854E-07   0.118414E-13
   0.800000E+03   0.999994E+03   0.170358E-07   0.113582E-13
   0.805000E+03   0.999994E+03   0.166045E-07   0.109039E-13
   0.810000E+03   0.999995E+03   0.161905E-07   0.104765E-13
   0.815000E+03   0.999995E+03   0.157929E-07   0.100740E-13
   0.820000E+03   0.999995E+03   0.154109E-07   0.969469E-14
   0.825000E+03   0.999996E+03   0.150436E-07   0.933696E-14
   0.830000E+03   0.999996E+03   0.146903E-07   0.899919E-14
   0.835000E+03   0.999996E+03   0.143503E-07   0.868006E-14
   0.840000E+03   0.999997E+03   0.140229E-07   0.837832E-14
   0.845000E+03   0.999997E+03   0.137074E-07   0.809278E-14
   0.850000E+03   0.999997E+03   0.134032E-07   0.782227E-14
   0.855000E+03   0.999997E+03   0.131098E-07   0.756589E-14
   0.860000E+03   0.999997E+03   0.128266E-07   0.732263E-14
   0.865000E+03   0.999998E+03   0.125532E-07   0.709171E-14
   0.870000E+03   0.999998E+03   0.122889E-07   0.687223E-14
   0.875000E+03   0.999998E+03   0.120335E-07   0.666352E-14
   0.880000E+03   0.999998E+03   0.117863E-07   0.646489E-14
   0.885000E+03   0.999998E+03   0.115471E-07   0.627565E-14
   0.890000E+03   0.999998E+03   0.113154E-07   0.609525E-14
   0.895000E+03   0.999999E+03   0.110909E-07   0.592311E-14
   0.900000E+03   0.999999E+03   0.108732E-07   0.575873E-14
   0.905000E+03   0.999999E+03   0.106619E-07   0.560162E-14
   0.910000E+03   0.999999E+03   0.104568E-07   0.545136E-14
   0.915000E+03   0.999999E+03   0.102575E-07   0.530751E-14
   0.920000E+03   0.999999E+03   0.100637E-07   0.516977E-14
   0.925000E+03   0.999999E+03   0.987516E-08   0.503776E-14
   0.930000E+03   0.999999E+03   0.969153E-08   0.491110E-14
   0.935000E+03   0.999999E+03   0.951257E-08   0.478956E-14
   0.940000E+03   0.999999E+03   0.933803E-08   0.467278E-14
   0.945000E+03   0.999999E+03   0.916768E-08   0.456053E-14
   0.950000E+03   0.999999E+03   0.900129E-08   0.445255E-14
   0.955000E+03   0.999999E+03   0.883866E-08   0.434861E-14
   0.960000E+03   0.999999E+03   0.867958E-08   0.424845E-14
   0.965000E+03   0.999999E+03   0.852386E-08   0.415189E-14
   0.970000E+03   0.100000E+04   0.837131E-08   0.405872E-14
   0.975000E+03   0.100000E+04   0.822179E-08   0.396875E-14
   0.980000E+03   0.100000E+04   0.807509E-08   0.388182E-14
   0.985000E+03   0.100000E+04   0.793107E-08   0.379773E-14
   0.990000E+03   0.100000E+04   0.778961E-08   0.371634E-14
   0.995000E+03   0.100000E+04   0.765055E-08   0.363750E-14
   0.100000E+04   0.100000E+04   0.751376E-08   0.356108E-14
